app3/build/outputs/logs/manifest-merger-debug-report.txt
-- Merging decision tree log ---
manifest
ADDED from src\main\AndroidManifest.xml:2:1-158:12
	package
		ADDED from src\main\AndroidManifest.xml:3:11-37
		INJECTED from src\main\AndroidManifest.xml
		INJECTED from src\main\AndroidManifest.xml
	android:versionName
		INJECTED from src\main\AndroidManifest.xml
		INJECTED from src\main\AndroidManifest.xml
	xmlns:android
		ADDED from src\main\AndroidManifest.xml:2:11-69
	android:versionCode
		INJECTED from src\main\AndroidManifest.xml
		INJECTED from src\main\AndroidManifest.xml
supports-screens
ADDED from src\main\AndroidManifest.xml:6:5-11:39
	android:largeScreens
		ADDED from src\main\AndroidManifest.xml:8:9-36
	android:smallScreens
		ADDED from src\main\AndroidManifest.xml:11:9-36
	android:normalScreens
		ADDED from src\main\AndroidManifest.xml:9:9-37
	android:resizeable
		ADDED from src\main\AndroidManifest.xml:10:9-34
	android:anyDensity
		ADDED from src\main\AndroidManifest.xml:7:9-34
uses-sdk
ADDED from src\main\AndroidManifest.xml:13:5-15:41
MERGED from [com.android.support:appcompat-v7:24.2.1] AndroidManifest.xml:21:5-23:78
MERGED from [com.android.support:support-v4:24.2.1] AndroidManifest.xml:21:5-23:54
MERGED from [com.android.support:support-fragment:24.2.1] AndroidManifest.xml:21:5-23:60
MERGED from [com.android.support:support-media-compat:24.2.1] AndroidManifest.xml:21:5-23:63
MERGED from [com.android.support:support-core-utils:24.2.1] AndroidManifest.xml:21:5-23:61
MERGED from [com.android.support:animated-vector-drawable:24.2.1] AndroidManifest.xml:20:5-44
MERGED from [com.android.support:support-vector-drawable:24.2.1] AndroidManifest.xml:21:5-43
MERGED from [com.android.support:recyclerview-v7:25.2.0] AndroidManifest.xml:20:5-43
MERGED from [com.android.support:support-core-ui:25.2.0] AndroidManifest.xml:21:5-23:58
MERGED from [com.android.support:support-compat:25.2.0] AndroidManifest.xml:21:5-23:58
	tools:overrideLibrary
		ADDED from [com.android.support:appcompat-v7:24.2.1] AndroidManifest.xml:23:9-75
	android:targetSdkVersion
		ADDED from src\main\AndroidManifest.xml:15:9-38
		INJECTED from src\main\AndroidManifest.xml
		INJECTED from src\main\AndroidManifest.xml
	android:minSdkVersion
		ADDED from src\main\AndroidManifest.xml:14:9-34
		INJECTED from src\main\AndroidManifest.xml
		INJECTED from src\main\AndroidManifest.xml
application
ADDED from src\main\AndroidManifest.xml:16:5-131:19
MERGED from [com.android.support:appcompat-v7:24.2.1] AndroidManifest.xml:25:5-20
MERGED from [com.android.support:support-v4:24.2.1] AndroidManifest.xml:25:5-20
MERGED from [com.android.support:support-fragment:24.2.1] AndroidManifest.xml:25:5-20
MERGED from [com.android.support:support-media-compat:24.2.1] AndroidManifest.xml:25:5-20
MERGED from [com.android.support:support-core-utils:24.2.1] AndroidManifest.xml:25:5-20
MERGED from [com.android.support:animated-vector-drawable:24.2.1] AndroidManifest.xml:22:5-20
MERGED from [com.android.support:support-vector-drawable:24.2.1] AndroidManifest.xml:23:5-20
MERGED from [com.android.support:support-core-ui:25.2.0] AndroidManifest.xml:25:5-20
MERGED from [com.android.support:support-compat:25.2.0] AndroidManifest.xml:25:5-20
	android:label
		ADDED from src\main\AndroidManifest.xml:20:9-41
	android:supportsRtl
		ADDED from src\main\AndroidManifest.xml:21:9-35
	android:allowBackup
		ADDED from src\main\AndroidManifest.xml:18:9-35
	android:icon
		ADDED from src\main\AndroidManifest.xml:19:9-43
	android:theme
		ADDED from src\main\AndroidManifest.xml:22:9-59
	android:name
		ADDED from src\main\AndroidManifest.xml:17:9-28
activity#cn.sharesdk.demo.MainActivity
ADDED from src\main\AndroidManifest.xml:23:9-29:20
	android:name
		ADDED from src\main\AndroidManifest.xml:23:19-47
intent-filter#android.intent.action.MAIN+android.intent.category.LAUNCHER
ADDED from src\main\AndroidManifest.xml:24:13-28:29
action#android.intent.action.MAIN
ADDED from src\main\AndroidManifest.xml:25:17-68
	android:name
		ADDED from src\main\AndroidManifest.xml:25:25-66
category#android.intent.category.LAUNCHER
ADDED from src\main\AndroidManifest.xml:27:17-76
	android:name
		ADDED from src\main\AndroidManifest.xml:27:27-74
meta-data#Mob-AppKey
ADDED from src\main\AndroidManifest.xml:30:9-75
	android:value
		ADDED from src\main\AndroidManifest.xml:30:46-73
	android:name
		ADDED from src\main\AndroidManifest.xml:30:20-45
meta-data#Mob-AppSecret
ADDED from src\main\AndroidManifest.xml:31:9-99
	android:value
		ADDED from src\main\AndroidManifest.xml:31:49-97
	android:name
		ADDED from src\main\AndroidManifest.xml:31:20-48
meta-data#com.facebook.sdk.ApplicationId
ADDED from src\main\AndroidManifest.xml:32:9-99
	android:value
		ADDED from src\main\AndroidManifest.xml:32:66-97
	android:name
		ADDED from src\main\AndroidManifest.xml:32:20-65
activity#com.mob.tools.MobUIShell
ADDED from src\main\AndroidManifest.xml:33:9-78:20
	android:multiprocess
		ADDED from src\main\AndroidManifest.xml:38:13-40
	android:windowSoftInputMode
		ADDED from src\main\AndroidManifest.xml:37:13-67
	android:configChanges
		ADDED from src\main\AndroidManifest.xml:36:13-74
	android:theme
		ADDED from src\main\AndroidManifest.xml:35:13-72
	android:name
		ADDED from src\main\AndroidManifest.xml:34:13-52
meta-data#AuthorizeAdapter
ADDED from src\main\AndroidManifest.xml:44:13-101
	android:value
		ADDED from src\main\AndroidManifest.xml:44:56-98
	android:name
		ADDED from src\main\AndroidManifest.xml:44:24-55
meta-data#FBWebShareAdapter
ADDED from src\main\AndroidManifest.xml:45:13-110
	android:value
		ADDED from src\main\AndroidManifest.xml:45:57-107
	android:name
		ADDED from src\main\AndroidManifest.xml:45:24-56
intent-filter#android.intent.action.VIEW+android.intent.category.BROWSABLE+android.intent.category.DEFAULT
ADDED from src\main\AndroidManifest.xml:58:13-63:29
	android:priority
		ADDED from src\main\AndroidManifest.xml:58:28-51
data
ADDED from src\main\AndroidManifest.xml:59:17-61
	android:scheme
		ADDED from src\main\AndroidManifest.xml:59:23-58
action#android.intent.action.VIEW
ADDED from src\main\AndroidManifest.xml:60:17-69
	android:name
		ADDED from src\main\AndroidManifest.xml:60:25-66
category#android.intent.category.BROWSABLE
ADDED from src\main\AndroidManifest.xml:61:17-77
	android:name
		ADDED from src\main\AndroidManifest.xml:61:27-75
category#android.intent.category.DEFAULT
ADDED from src\main\AndroidManifest.xml:62:17-76
	android:name
		ADDED from src\main\AndroidManifest.xml:62:27-73
intent-filter#android.intent.category.DEFAULT+com.sina.weibo.sdk.action.ACTION_SDK_REQ_ACTIVITY
ADDED from src\main\AndroidManifest.xml:66:13-69:29
action#com.sina.weibo.sdk.action.ACTION_SDK_REQ_ACTIVITY
ADDED from src\main\AndroidManifest.xml:67:17-92
	android:name
		ADDED from src\main\AndroidManifest.xml:67:25-89
activity#cn.sharesdk.demo.activitys.SharePlatformTypeActivity
ADDED from src\main\AndroidManifest.xml:79:9-82
	android:name
		ADDED from src\main\AndroidManifest.xml:79:19-70
activity#cn.sharesdk.demo.activitys.ShowUserInfoActivity
ADDED from src\main\AndroidManifest.xml:80:9-77
	android:name
		ADDED from src\main\AndroidManifest.xml:80:19-65
activity#cn.sharesdk.tencent.qq.ReceiveActivity
ADDED from src\main\AndroidManifest.xml:88:9-98:20
	android:launchMode
		ADDED from src\main\AndroidManifest.xml:90:13-44
	android:noHistory
		ADDED from src\main\AndroidManifest.xml:91:13-37
	android:name
		ADDED from src\main\AndroidManifest.xml:89:13-66
activity#cn.sharesdk.demo.wxapi.WXEntryActivity
ADDED from src\main\AndroidManifest.xml:101:9-105:39
	android:exported
		ADDED from src\main\AndroidManifest.xml:105:13-36
	android:configChanges
		ADDED from src\main\AndroidManifest.xml:104:13-74
	android:theme
		ADDED from src\main\AndroidManifest.xml:103:13-72
	android:name
		ADDED from src\main\AndroidManifest.xml:102:13-66
activity#cn.sharesdk.demo.yxapi.YXEntryActivity
ADDED from src\main\AndroidManifest.xml:107:9-113:46
	android:excludeFromRecents
		ADDED from src\main\AndroidManifest.xml:111:13-46
	android:launchMode
		ADDED from src\main\AndroidManifest.xml:113:13-43
	android:exported
		ADDED from src\main\AndroidManifest.xml:112:13-36
	android:configChanges
		ADDED from src\main\AndroidManifest.xml:110:13-74
	android:theme
		ADDED from src\main\AndroidManifest.xml:109:13-72
	android:name
		ADDED from src\main\AndroidManifest.xml:108:13-66
activity#cn.sharesdk.demo.apshare.ShareEntryActivity
ADDED from src\main\AndroidManifest.xml:115:9-119:38
	android:exported
		ADDED from src\main\AndroidManifest.xml:119:13-36
	android:configChanges
		ADDED from src\main\AndroidManifest.xml:118:13-74
	android:theme
		ADDED from src\main\AndroidManifest.xml:117:13-72
	android:name
		ADDED from src\main\AndroidManifest.xml:116:13-71
activity#cn.sharesdk.demo.ddshare.DDShareActivity
ADDED from src\main\AndroidManifest.xml:121:9-130:20
	android:launchMode
		ADDED from src\main\AndroidManifest.xml:123:13-48
	android:exported
		ADDED from src\main\AndroidManifest.xml:124:13-36
	android:name
		ADDED from src\main\AndroidManifest.xml:122:13-68
intent-filter#android.intent.action.VIEW+android.intent.category.DEFAULT
ADDED from src\main\AndroidManifest.xml:126:13-129:29
uses-permission#android.permission.INTERNET
ADDED from src\main\AndroidManifest.xml:133:5-67
	android:name
		ADDED from src\main\AndroidManifest.xml:133:22-64
uses-permission#android.permission.READ_EXTERNAL_STORAGE
ADDED from src\main\AndroidManifest.xml:134:5-79
	android:name
		ADDED from src\main\AndroidManifest.xml:134:22-77
uses-permission#android.permission.GET_TASKS
ADDED from src\main\AndroidManifest.xml:135:5-68
	android:name
		ADDED from src\main\AndroidManifest.xml:135:22-65
uses-permission#android.permission.ACCESS_WIFI_STATE
ADDED from src\main\AndroidManifest.xml:137:5-76
	android:name
		ADDED from src\main\AndroidManifest.xml:137:22-73
uses-permission#android.permission.ACCESS_NETWORK_STATE
ADDED from src\main\AndroidManifest.xml:138:5-79
	android:name
		ADDED from src\main\AndroidManifest.xml:138:22-76
uses-permission#android.permission.CHANGE_WIFI_STATE
ADDED from src\main\AndroidManifest.xml:139:5-76
	android:name
		ADDED from src\main\AndroidManifest.xml:139:22-73
uses-permission#android.permission.READ_PHONE_STATE
ADDED from src\main\AndroidManifest.xml:140:5-75
	android:name
		ADDED from src\main\AndroidManifest.xml:140:22-72
uses-permission#android.permission.MANAGE_ACCOUNTS
ADDED from src\main\AndroidManifest.xml:141:5-73
	android:name
		ADDED from src\main\AndroidManifest.xml:141:22-71
uses-permission#android.permission.GET_ACCOUNTS
ADDED from src\main\AndroidManifest.xml:142:5-70
	android:name
		ADDED from src\main\AndroidManifest.xml:142:22-68
uses-permission#android.permission.BLUETOOTH
ADDED from src\main\AndroidManifest.xml:144:5-68
	android:name
		ADDED from src\main\AndroidManifest.xml:144:22-65
uses-permission#android.permission.BLUETOOTH_ADMIN
ADDED from src\main\AndroidManifest.xml:145:5-74
	android:name
		ADDED from src\main\AndroidManifest.xml:145:22-71
uses-permission#android.permission.ACCESS_FINE_LOCATION
ADDED from src\main\AndroidManifest.xml:147:5-78
	android:name
		ADDED from src\main\AndroidManifest.xml:147:22-76
uses-permission#android.permission.ACCESS_COARSE_LOCATION
ADDED from src\main\AndroidManifest.xml:148:5-80
	android:name
		ADDED from src\main\AndroidManifest.xml:148:22-78
uses-permission#android.permission.WRITE_EXTERNAL_STORAGE
ADDED from src\main\AndroidManifest.xml:149:5-80
	android:name
		ADDED from src\main\AndroidManifest.xml:149:22-78
uses-permission#android.permission.RECEIVE_SMS
ADDED from src\main\AndroidManifest.xml:150:2-67
	android:name
		ADDED from src\main\AndroidManifest.xml:150:19-64